0 info it worked if it ends with ok
1 verbose cli [ 'node', '/usr/bin/npm', 'install', 'node-opencv' ]
2 info using npm@1.3.6
3 info using node@v0.10.33
4 verbose cache add [ 'node-opencv', null ]
5 verbose cache add name=undefined spec="node-opencv" args=["node-opencv",null]
6 verbose parsed url { protocol: null,
6 verbose parsed url   slashes: null,
6 verbose parsed url   auth: null,
6 verbose parsed url   host: null,
6 verbose parsed url   port: null,
6 verbose parsed url   hostname: null,
6 verbose parsed url   hash: null,
6 verbose parsed url   search: null,
6 verbose parsed url   query: null,
6 verbose parsed url   pathname: 'node-opencv',
6 verbose parsed url   path: 'node-opencv',
6 verbose parsed url   href: 'node-opencv' }
7 silly lockFile 89099e1e-node-opencv node-opencv
8 verbose lock node-opencv /home/tkrupicka/.npm/89099e1e-node-opencv.lock
9 silly lockFile 89099e1e-node-opencv node-opencv
10 silly lockFile 89099e1e-node-opencv node-opencv
11 verbose addNamed [ 'node-opencv', '' ]
12 verbose addNamed [ null, '*' ]
13 silly lockFile 81514b5b-node-opencv node-opencv@
14 verbose lock node-opencv@ /home/tkrupicka/.npm/81514b5b-node-opencv.lock
15 silly addNameRange { name: 'node-opencv', range: '*', hasData: false }
16 verbose url raw node-opencv
17 verbose url resolving [ 'https://registry.npmjs.org/', './node-opencv' ]
18 verbose url resolved https://registry.npmjs.org/node-opencv
19 info trying registry request attempt 1 at 11:02:23
20 http GET https://registry.npmjs.org/node-opencv
21 http 404 https://registry.npmjs.org/node-opencv
22 silly registry.get cb [ 404,
22 silly registry.get   { date: 'Sat, 25 Apr 2015 15:02:23 GMT',
22 silly registry.get     server: 'CouchDB/1.5.0 (Erlang OTP/R16B03)',
22 silly registry.get     'content-type': 'application/json',
22 silly registry.get     'cache-control': 'max-age=0',
22 silly registry.get     'content-length': '51',
22 silly registry.get     'accept-ranges': 'bytes',
22 silly registry.get     via: '1.1 varnish',
22 silly registry.get     age: '0',
22 silly registry.get     'x-served-by': 'cache-iad2144-IAD',
22 silly registry.get     'x-cache': 'MISS',
22 silly registry.get     'x-cache-hits': '0',
22 silly registry.get     'x-timer': 'S1429974143.546863,VS0,VE15',
22 silly registry.get     'keep-alive': 'timeout=10, max=50',
22 silly registry.get     connection: 'Keep-Alive' } ]
23 silly lockFile 81514b5b-node-opencv node-opencv@
24 silly lockFile 81514b5b-node-opencv node-opencv@
25 error 404 'node-opencv' is not in the npm registry.
25 error 404 You should bug the author to publish it
25 error 404
25 error 404 Maybe try 'npm search opencv'
25 error 404
25 error 404 Note that you can also install from a
25 error 404 tarball, folder, or http url, or git url.
26 error System Linux 3.18.7-200.fc21.x86_64
27 error command "node" "/usr/bin/npm" "install" "node-opencv"
28 error cwd /home/tkrupicka/GitHub/ARChallenge
29 error node -v v0.10.33
30 error npm -v 1.3.6
31 error code E404
32 verbose exit [ 1, true ]
